<?xml version="1.0" encoding="UTF-8"?>
<!-- Generated by org.testng.reporters.JUnitXMLReporter -->
<testsuite hostname="ThinkPad" ignored="0" name="TestinChrome" tests="3" failures="0" timestamp="18 Jun 2018 20:09:36 GMT" time="106.792" errors="0">
  <testcase name="verify_login" time="2.716" classname="com.PageLibrary.com.RandFord.TestExecution"/>
  <testcase name="varify_RoleExcelContent" time="18.071" classname="com.PageLibrary.com.RandFord.TestExecution"/>
  <testcase name="Varify_BranchExcelContent" time="41.785" classname="com.PageLibrary.com.RandFord.TestExecution"/>
</testsuite> <!-- TestinChrome -->
