<?xml version="1.0" encoding="UTF-8"?>
<!-- Generated by org.testng.reporters.JUnitXMLReporter -->
<testsuite hostname="ThinkPad" ignored="1" name="TestinFirefox" tests="1" failures="1" timestamp="17 Jun 2018 21:12:12 GMT" time="0.0" errors="0">
  <testcase name="verify_login" time="0.0" classname="com.PageLibrary.com.RandFord.TestExecution">
    <failure type="java.lang.NullPointerException">
      <![CDATA[java.lang.NullPointerException
at com.PageLibrary.com.RandFord.HomePage.userName_text(HomePage.java:11)
at com.PageLibrary.com.RandFord.Repository.login(Repository.java:17)
at com.PageLibrary.com.RandFord.TestExecution.verify_login(TestExecution.java:18)
... Removed 25 stack frames]]>
    </failure>
  </testcase> <!-- verify_login -->
  <testcase name="verify_launch" time="0.0" classname="com.PageLibrary.com.RandFord.TestExecution">
    <ignored/>
  </testcase> <!-- verify_launch -->
</testsuite> <!-- TestinFirefox -->
