<?xml version="1.0" encoding="UTF-8"?>
<testng-results skipped="0" failed="0" ignored="0" total="3" passed="3">
  <reporter-output>
    <line>
      <![CDATA[Launch Test is Pass]]>
    </line>
    <line>
      <![CDATA[Login Test is Pass]]>
    </line>
  </reporter-output>
  <suite name="Suite" duration-ms="106792" started-at="2018-06-18T20:07:49Z" finished-at="2018-06-18T20:09:35Z">
    <groups>
    </groups>
    <test name="TestinChrome" duration-ms="106792" started-at="2018-06-18T20:07:49Z" finished-at="2018-06-18T20:09:35Z">
      <class name="com.PageLibrary.com.RandFord.TestExecution">
        <test-method status="PASS" signature="verify_launch(java.lang.String)[pri:0, instance:com.PageLibrary.com.RandFord.TestExecution@1ec78b9]" name="verify_launch" is-config="true" duration-ms="40511" started-at="2018-06-18T20:07:49Z" finished-at="2018-06-18T20:08:29Z">
          <params>
            <param index="0">
              <value>
                <![CDATA[chrome]]>
              </value>
            </param>
          </params>
          <reporter-output>
            <line>
              <![CDATA[Launch Test is Pass]]>
            </line>
          </reporter-output>
        </test-method> <!-- verify_launch -->
        <test-method status="PASS" signature="verify_login()[pri:1, instance:com.PageLibrary.com.RandFord.TestExecution@1ec78b9]" name="verify_login" duration-ms="2716" started-at="2018-06-18T20:08:29Z" finished-at="2018-06-18T20:08:32Z">
          <reporter-output>
            <line>
              <![CDATA[Login Test is Pass]]>
            </line>
          </reporter-output>
        </test-method> <!-- verify_login -->
        <test-method status="PASS" signature="varify_RoleExcelContent()[pri:2, instance:com.PageLibrary.com.RandFord.TestExecution@1ec78b9]" name="varify_RoleExcelContent" duration-ms="18071" started-at="2018-06-18T20:08:32Z" finished-at="2018-06-18T20:08:50Z">
          <reporter-output>
          </reporter-output>
        </test-method> <!-- varify_RoleExcelContent -->
        <test-method status="PASS" signature="Varify_BranchExcelContent()[pri:3, instance:com.PageLibrary.com.RandFord.TestExecution@1ec78b9]" name="Varify_BranchExcelContent" duration-ms="41785" started-at="2018-06-18T20:08:50Z" finished-at="2018-06-18T20:09:32Z">
          <reporter-output>
          </reporter-output>
        </test-method> <!-- Varify_BranchExcelContent -->
        <test-method status="PASS" signature="closeBrowser()[pri:0, instance:com.PageLibrary.com.RandFord.TestExecution@1ec78b9]" name="closeBrowser" is-config="true" duration-ms="3629" started-at="2018-06-18T20:09:32Z" finished-at="2018-06-18T20:09:35Z">
          <reporter-output>
          </reporter-output>
        </test-method> <!-- closeBrowser -->
      </class> <!-- com.PageLibrary.com.RandFord.TestExecution -->
    </test> <!-- TestinChrome -->
  </suite> <!-- Suite -->
</testng-results>
