<?xml version="1.0" encoding="UTF-8"?>
<testsuite xmlns:xsi="http://www.w3.org/2001/XMLSchema-instance" xsi:schemaLocation="https://maven.apache.org/surefire/maven-surefire-plugin/xsd/surefire-test-report.xsd" name="TestSuite" time="45.772" tests="3" errors="0" skipped="1" failures="1">
  <properties>
[...]
</properties>
  <testcase name="verify_login" classname="com.PageLibrary.com.RandFord.TestExecution" time="1.457"/>
  <testcase name="verify_login" classname="com.PageLibrary.com.RandFord.TestExecution" time="0">
    <skipped message="Cannot find firefox binary in PATH. Make sure firefox is installed. OS appears to be: WIN8_1&#10;Build info: version: &apos;2.53.1&apos;, revision: &apos;a36b8b1cd5757287168e54b817830adce9b0158d&apos;, time: &apos;2016-06-30 19:26:09&apos;&#10;System info: host: &apos;ThinkPad&apos;, ip: &apos;192.168.2.28&apos;, os.name: &apos;Windows 8.1&apos;, os.arch: &apos;x86&apos;, os.version: &apos;6.3&apos;, java.version: &apos;1.8.0_121&apos;&#10;Driver info: driver.version: FirefoxDriver"/>
  </testcase>
  <testcase name="verify_launch" classname="com.PageLibrary.com.RandFord.TestExecution" time="2.109">
    <failure message="Cannot find firefox binary in PATH. Make sure firefox is installed. OS appears to be: WIN8_1&#10;Build info: version: &apos;2.53.1&apos;, revision: &apos;a36b8b1cd5757287168e54b817830adce9b0158d&apos;, time: &apos;2016-06-30 19:26:09&apos;&#10;System info: host: &apos;ThinkPad&apos;, ip: &apos;192.168.2.28&apos;, os.name: &apos;Windows 8.1&apos;, os.arch: &apos;x86&apos;, os.version: &apos;6.3&apos;, java.version: &apos;1.8.0_121&apos;&#10;Driver info: driver.version: FirefoxDriver" type="org.openqa.selenium.WebDriverException">org.openqa.selenium.WebDriverException: 
Cannot find firefox binary in PATH. Make sure firefox is installed. OS appears to be: WIN8_1
Build info: version: '2.53.1', revision: 'a36b8b1cd5757287168e54b817830adce9b0158d', time: '2016-06-30 19:26:09'
System info: host: 'ThinkPad', ip: '192.168.2.28', os.name: 'Windows 8.1', os.arch: 'x86', os.version: '6.3', java.version: '1.8.0_121'
Driver info: driver.version: FirefoxDriver
	at com.PageLibrary.com.RandFord.TestExecution.verify_launch(TestExecution.java:14)
</failure>
  </testcase>
</testsuite>