<?xml version="1.0" encoding="UTF-8"?>
<testng-results skipped="0" failed="0" ignored="0" total="34" passed="34">
  <reporter-output>
    <line>
      <![CDATA[Launch Test is Pass]]>
    </line>
    <line>
      <![CDATA[Login Test is Pass]]>
    </line>
    <line>
      <![CDATA[BranchCreation Test is failed]]>
    </line>
    <line>
      <![CDATA[BranchCreation Test is failed]]>
    </line>
    <line>
      <![CDATA[BranchCreation Test is failed]]>
    </line>
    <line>
      <![CDATA[BranchCreation Test is failed]]>
    </line>
    <line>
      <![CDATA[BranchCreation Test is failed]]>
    </line>
    <line>
      <![CDATA[BranchCreation Test is failed]]>
    </line>
    <line>
      <![CDATA[BranchCreation Test is failed]]>
    </line>
    <line>
      <![CDATA[BranchCreation Test is failed]]>
    </line>
    <line>
      <![CDATA[BranchCreation Test is failed]]>
    </line>
    <line>
      <![CDATA[BranchCreation Test is failed]]>
    </line>
    <line>
      <![CDATA[BranchCreation Test is failed]]>
    </line>
    <line>
      <![CDATA[BranchCreation Test is failed]]>
    </line>
    <line>
      <![CDATA[BranchCreation Test is failed]]>
    </line>
    <line>
      <![CDATA[BranchCreation Test is failed]]>
    </line>
    <line>
      <![CDATA[BranchCreation Test is failed]]>
    </line>
    <line>
      <![CDATA[BranchCreation Test is failed]]>
    </line>
    <line>
      <![CDATA[BranchCreation Test is failed]]>
    </line>
    <line>
      <![CDATA[BranchCreation Test is failed]]>
    </line>
    <line>
      <![CDATA[BranchCreation Test is failed]]>
    </line>
    <line>
      <![CDATA[Role Creation Test is failed]]>
    </line>
    <line>
      <![CDATA[Role Creation Test is failed]]>
    </line>
    <line>
      <![CDATA[Role Creation Test is failed]]>
    </line>
    <line>
      <![CDATA[Role Creation Test is failed]]>
    </line>
    <line>
      <![CDATA[Role Creation Test is failed]]>
    </line>
    <line>
      <![CDATA[Role Creation Test is failed]]>
    </line>
    <line>
      <![CDATA[Role Creation Test is failed]]>
    </line>
    <line>
      <![CDATA[Role Creation Test is failed]]>
    </line>
    <line>
      <![CDATA[Role Creation Test is failed]]>
    </line>
    <line>
      <![CDATA[Role Creation Test is failed]]>
    </line>
    <line>
      <![CDATA[Role Creation Test is failed]]>
    </line>
    <line>
      <![CDATA[Role Creation Test is failed]]>
    </line>
    <line>
      <![CDATA[Role Creation Test is failed]]>
    </line>
    <line>
      <![CDATA[Role Creation Test is failed]]>
    </line>
  </reporter-output>
  <suite name="Suite" duration-ms="212151" started-at="2018-06-18T19:34:58Z" finished-at="2018-06-18T19:38:30Z">
    <groups>
    </groups>
    <test name="TestinChrome" duration-ms="212151" started-at="2018-06-18T19:34:58Z" finished-at="2018-06-18T19:38:30Z">
      <class name="com.PageLibrary.com.RandFord.TestExecution">
        <test-method status="PASS" signature="verify_launch(java.lang.String)[pri:0, instance:com.PageLibrary.com.RandFord.TestExecution@e63ade]" name="verify_launch" is-config="true" duration-ms="38861" started-at="2018-06-18T19:34:58Z" finished-at="2018-06-18T19:35:37Z">
          <params>
            <param index="0">
              <value>
                <![CDATA[chrome]]>
              </value>
            </param>
          </params>
          <reporter-output>
            <line>
              <![CDATA[Launch Test is Pass]]>
            </line>
          </reporter-output>
        </test-method> <!-- verify_launch -->
        <test-method status="PASS" signature="verify_login()[pri:1, instance:com.PageLibrary.com.RandFord.TestExecution@e63ade]" name="verify_login" duration-ms="1799" started-at="2018-06-18T19:35:37Z" finished-at="2018-06-18T19:35:39Z">
          <reporter-output>
            <line>
              <![CDATA[Login Test is Pass]]>
            </line>
          </reporter-output>
        </test-method> <!-- verify_login -->
        <test-method status="PASS" signature="verify_branchCreation(java.lang.String, java.lang.String, java.lang.String, java.lang.String, java.lang.String, java.lang.String, java.lang.String, java.lang.String, java.lang.String)[pri:2, instance:com.PageLibrary.com.RandFord.TestExecution@e63ade]" name="verify_branchCreation" duration-ms="8420" started-at="2018-06-18T19:35:39Z" data-provider="branches" finished-at="2018-06-18T19:35:48Z">
          <params>
            <param index="0">
              <value>
                <![CDATA[aaaasasasas]]>
              </value>
            </param>
            <param index="1">
              <value>
                <![CDATA[sasddsssss]]>
              </value>
            </param>
            <param index="2">
              <value>
                <![CDATA[sdfdsafadfsd]]>
              </value>
            </param>
            <param index="3">
              <value>
                <![CDATA[sdfdsfdsfds]]>
              </value>
            </param>
            <param index="4">
              <value>
                <![CDATA[dasdasdas]]>
              </value>
            </param>
            <param index="5">
              <value>
                <![CDATA[23456]]>
              </value>
            </param>
            <param index="6">
              <value>
                <![CDATA[INDIA]]>
              </value>
            </param>
            <param index="7">
              <value>
                <![CDATA[GOA]]>
              </value>
            </param>
            <param index="8">
              <value>
                <![CDATA[GOA]]>
              </value>
            </param>
          </params>
          <reporter-output>
            <line>
              <![CDATA[BranchCreation Test is failed]]>
            </line>
          </reporter-output>
        </test-method> <!-- verify_branchCreation -->
        <test-method status="PASS" signature="verify_branchCreation(java.lang.String, java.lang.String, java.lang.String, java.lang.String, java.lang.String, java.lang.String, java.lang.String, java.lang.String, java.lang.String)[pri:2, instance:com.PageLibrary.com.RandFord.TestExecution@e63ade]" name="verify_branchCreation" duration-ms="4469" started-at="2018-06-18T19:35:48Z" data-provider="branches" finished-at="2018-06-18T19:35:52Z">
          <params>
            <param index="0">
              <value>
                <![CDATA[aaaasasasas]]>
              </value>
            </param>
            <param index="1">
              <value>
                <![CDATA[sasddsssss]]>
              </value>
            </param>
            <param index="2">
              <value>
                <![CDATA[sdfdsafadfsd]]>
              </value>
            </param>
            <param index="3">
              <value>
                <![CDATA[sdfdsfdsfds]]>
              </value>
            </param>
            <param index="4">
              <value>
                <![CDATA[dasdasdas]]>
              </value>
            </param>
            <param index="5">
              <value>
                <![CDATA[23457]]>
              </value>
            </param>
            <param index="6">
              <value>
                <![CDATA[INDIA]]>
              </value>
            </param>
            <param index="7">
              <value>
                <![CDATA[GOA]]>
              </value>
            </param>
            <param index="8">
              <value>
                <![CDATA[GOA]]>
              </value>
            </param>
          </params>
          <reporter-output>
            <line>
              <![CDATA[BranchCreation Test is failed]]>
            </line>
          </reporter-output>
        </test-method> <!-- verify_branchCreation -->
        <test-method status="PASS" signature="verify_branchCreation(java.lang.String, java.lang.String, java.lang.String, java.lang.String, java.lang.String, java.lang.String, java.lang.String, java.lang.String, java.lang.String)[pri:2, instance:com.PageLibrary.com.RandFord.TestExecution@e63ade]" name="verify_branchCreation" duration-ms="3956" started-at="2018-06-18T19:35:52Z" data-provider="branches" finished-at="2018-06-18T19:35:56Z">
          <params>
            <param index="0">
              <value>
                <![CDATA[aaaasasasa]]>
              </value>
            </param>
            <param index="1">
              <value>
                <![CDATA[sasddsssss]]>
              </value>
            </param>
            <param index="2">
              <value>
                <![CDATA[sdfdsafadfsd]]>
              </value>
            </param>
            <param index="3">
              <value>
                <![CDATA[sdfdsfdsfds]]>
              </value>
            </param>
            <param index="4">
              <value>
                <![CDATA[dasdasdas]]>
              </value>
            </param>
            <param index="5">
              <value>
                <![CDATA[23458]]>
              </value>
            </param>
            <param index="6">
              <value>
                <![CDATA[INDIA]]>
              </value>
            </param>
            <param index="7">
              <value>
                <![CDATA[GOA]]>
              </value>
            </param>
            <param index="8">
              <value>
                <![CDATA[GOA]]>
              </value>
            </param>
          </params>
          <reporter-output>
            <line>
              <![CDATA[BranchCreation Test is failed]]>
            </line>
          </reporter-output>
        </test-method> <!-- verify_branchCreation -->
        <test-method status="PASS" signature="verify_branchCreation(java.lang.String, java.lang.String, java.lang.String, java.lang.String, java.lang.String, java.lang.String, java.lang.String, java.lang.String, java.lang.String)[pri:2, instance:com.PageLibrary.com.RandFord.TestExecution@e63ade]" name="verify_branchCreation" duration-ms="4285" started-at="2018-06-18T19:35:56Z" data-provider="branches" finished-at="2018-06-18T19:36:00Z">
          <params>
            <param index="0">
              <value>
                <![CDATA[aaaasasaas]]>
              </value>
            </param>
            <param index="1">
              <value>
                <![CDATA[sasddsssss]]>
              </value>
            </param>
            <param index="2">
              <value>
                <![CDATA[sdfdsafadfsd]]>
              </value>
            </param>
            <param index="3">
              <value>
                <![CDATA[sdfdsfdsfds]]>
              </value>
            </param>
            <param index="4">
              <value>
                <![CDATA[dasdasdas]]>
              </value>
            </param>
            <param index="5">
              <value>
                <![CDATA[23459]]>
              </value>
            </param>
            <param index="6">
              <value>
                <![CDATA[INDIA]]>
              </value>
            </param>
            <param index="7">
              <value>
                <![CDATA[GOA]]>
              </value>
            </param>
            <param index="8">
              <value>
                <![CDATA[GOA]]>
              </value>
            </param>
          </params>
          <reporter-output>
            <line>
              <![CDATA[BranchCreation Test is failed]]>
            </line>
          </reporter-output>
        </test-method> <!-- verify_branchCreation -->
        <test-method status="PASS" signature="verify_branchCreation(java.lang.String, java.lang.String, java.lang.String, java.lang.String, java.lang.String, java.lang.String, java.lang.String, java.lang.String, java.lang.String)[pri:2, instance:com.PageLibrary.com.RandFord.TestExecution@e63ade]" name="verify_branchCreation" duration-ms="7389" started-at="2018-06-18T19:36:00Z" data-provider="branches" finished-at="2018-06-18T19:36:08Z">
          <params>
            <param index="0">
              <value>
                <![CDATA[aaasasasas]]>
              </value>
            </param>
            <param index="1">
              <value>
                <![CDATA[sasddsssss]]>
              </value>
            </param>
            <param index="2">
              <value>
                <![CDATA[sdfdsafadfsd]]>
              </value>
            </param>
            <param index="3">
              <value>
                <![CDATA[sdfdsfdsfds]]>
              </value>
            </param>
            <param index="4">
              <value>
                <![CDATA[dasdasdas]]>
              </value>
            </param>
            <param index="5">
              <value>
                <![CDATA[23460]]>
              </value>
            </param>
            <param index="6">
              <value>
                <![CDATA[INDIA]]>
              </value>
            </param>
            <param index="7">
              <value>
                <![CDATA[GOA]]>
              </value>
            </param>
            <param index="8">
              <value>
                <![CDATA[GOA]]>
              </value>
            </param>
          </params>
          <reporter-output>
            <line>
              <![CDATA[BranchCreation Test is failed]]>
            </line>
          </reporter-output>
        </test-method> <!-- verify_branchCreation -->
        <test-method status="PASS" signature="verify_branchCreation(java.lang.String, java.lang.String, java.lang.String, java.lang.String, java.lang.String, java.lang.String, java.lang.String, java.lang.String, java.lang.String)[pri:2, instance:com.PageLibrary.com.RandFord.TestExecution@e63ade]" name="verify_branchCreation" duration-ms="4567" started-at="2018-06-18T19:36:08Z" data-provider="branches" finished-at="2018-06-18T19:36:12Z">
          <params>
            <param index="0">
              <value>
                <![CDATA[aasaasasasas]]>
              </value>
            </param>
            <param index="1">
              <value>
                <![CDATA[sasddsssss]]>
              </value>
            </param>
            <param index="2">
              <value>
                <![CDATA[sdfdsafadfsd]]>
              </value>
            </param>
            <param index="3">
              <value>
                <![CDATA[sdfdsfdsfds]]>
              </value>
            </param>
            <param index="4">
              <value>
                <![CDATA[dasdasdas]]>
              </value>
            </param>
            <param index="5">
              <value>
                <![CDATA[23461]]>
              </value>
            </param>
            <param index="6">
              <value>
                <![CDATA[INDIA]]>
              </value>
            </param>
            <param index="7">
              <value>
                <![CDATA[GOA]]>
              </value>
            </param>
            <param index="8">
              <value>
                <![CDATA[GOA]]>
              </value>
            </param>
          </params>
          <reporter-output>
            <line>
              <![CDATA[BranchCreation Test is failed]]>
            </line>
          </reporter-output>
        </test-method> <!-- verify_branchCreation -->
        <test-method status="PASS" signature="verify_branchCreation(java.lang.String, java.lang.String, java.lang.String, java.lang.String, java.lang.String, java.lang.String, java.lang.String, java.lang.String, java.lang.String)[pri:2, instance:com.PageLibrary.com.RandFord.TestExecution@e63ade]" name="verify_branchCreation" duration-ms="4195" started-at="2018-06-18T19:36:12Z" data-provider="branches" finished-at="2018-06-18T19:36:16Z">
          <params>
            <param index="0">
              <value>
                <![CDATA[aaaasaksasas]]>
              </value>
            </param>
            <param index="1">
              <value>
                <![CDATA[sasddsssss]]>
              </value>
            </param>
            <param index="2">
              <value>
                <![CDATA[sdfdsafadfsd]]>
              </value>
            </param>
            <param index="3">
              <value>
                <![CDATA[sdfdsfdsfds]]>
              </value>
            </param>
            <param index="4">
              <value>
                <![CDATA[dasdasdas]]>
              </value>
            </param>
            <param index="5">
              <value>
                <![CDATA[23462]]>
              </value>
            </param>
            <param index="6">
              <value>
                <![CDATA[INDIA]]>
              </value>
            </param>
            <param index="7">
              <value>
                <![CDATA[GOA]]>
              </value>
            </param>
            <param index="8">
              <value>
                <![CDATA[GOA]]>
              </value>
            </param>
          </params>
          <reporter-output>
            <line>
              <![CDATA[BranchCreation Test is failed]]>
            </line>
          </reporter-output>
        </test-method> <!-- verify_branchCreation -->
        <test-method status="PASS" signature="verify_branchCreation(java.lang.String, java.lang.String, java.lang.String, java.lang.String, java.lang.String, java.lang.String, java.lang.String, java.lang.String, java.lang.String)[pri:2, instance:com.PageLibrary.com.RandFord.TestExecution@e63ade]" name="verify_branchCreation" duration-ms="4168" started-at="2018-06-18T19:36:16Z" data-provider="branches" finished-at="2018-06-18T19:36:21Z">
          <params>
            <param index="0">
              <value>
                <![CDATA[aaaasalksasas]]>
              </value>
            </param>
            <param index="1">
              <value>
                <![CDATA[sasddsssss]]>
              </value>
            </param>
            <param index="2">
              <value>
                <![CDATA[sdfdsafadfsd]]>
              </value>
            </param>
            <param index="3">
              <value>
                <![CDATA[sdfdsfdsfds]]>
              </value>
            </param>
            <param index="4">
              <value>
                <![CDATA[dasdasdas]]>
              </value>
            </param>
            <param index="5">
              <value>
                <![CDATA[23463]]>
              </value>
            </param>
            <param index="6">
              <value>
                <![CDATA[INDIA]]>
              </value>
            </param>
            <param index="7">
              <value>
                <![CDATA[GOA]]>
              </value>
            </param>
            <param index="8">
              <value>
                <![CDATA[GOA]]>
              </value>
            </param>
          </params>
          <reporter-output>
            <line>
              <![CDATA[BranchCreation Test is failed]]>
            </line>
          </reporter-output>
        </test-method> <!-- verify_branchCreation -->
        <test-method status="PASS" signature="verify_branchCreation(java.lang.String, java.lang.String, java.lang.String, java.lang.String, java.lang.String, java.lang.String, java.lang.String, java.lang.String, java.lang.String)[pri:2, instance:com.PageLibrary.com.RandFord.TestExecution@e63ade]" name="verify_branchCreation" duration-ms="4833" started-at="2018-06-18T19:36:21Z" data-provider="branches" finished-at="2018-06-18T19:36:25Z">
          <params>
            <param index="0">
              <value>
                <![CDATA[mjjfdhfdgdhd]]>
              </value>
            </param>
            <param index="1">
              <value>
                <![CDATA[sasddsssss]]>
              </value>
            </param>
            <param index="2">
              <value>
                <![CDATA[sdfdsafadfsd]]>
              </value>
            </param>
            <param index="3">
              <value>
                <![CDATA[sdfdsfdsfds]]>
              </value>
            </param>
            <param index="4">
              <value>
                <![CDATA[dasdasdas]]>
              </value>
            </param>
            <param index="5">
              <value>
                <![CDATA[23464]]>
              </value>
            </param>
            <param index="6">
              <value>
                <![CDATA[INDIA]]>
              </value>
            </param>
            <param index="7">
              <value>
                <![CDATA[GOA]]>
              </value>
            </param>
            <param index="8">
              <value>
                <![CDATA[GOA]]>
              </value>
            </param>
          </params>
          <reporter-output>
            <line>
              <![CDATA[BranchCreation Test is failed]]>
            </line>
          </reporter-output>
        </test-method> <!-- verify_branchCreation -->
        <test-method status="PASS" signature="verify_branchCreation(java.lang.String, java.lang.String, java.lang.String, java.lang.String, java.lang.String, java.lang.String, java.lang.String, java.lang.String, java.lang.String)[pri:2, instance:com.PageLibrary.com.RandFord.TestExecution@e63ade]" name="verify_branchCreation" duration-ms="4983" started-at="2018-06-18T19:36:25Z" data-provider="branches" finished-at="2018-06-18T19:36:30Z">
          <params>
            <param index="0">
              <value>
                <![CDATA[aasasasas]]>
              </value>
            </param>
            <param index="1">
              <value>
                <![CDATA[sasddsssss]]>
              </value>
            </param>
            <param index="2">
              <value>
                <![CDATA[sdfdsafadfsd]]>
              </value>
            </param>
            <param index="3">
              <value>
                <![CDATA[sdfdsfdsfds]]>
              </value>
            </param>
            <param index="4">
              <value>
                <![CDATA[dasdasdas]]>
              </value>
            </param>
            <param index="5">
              <value>
                <![CDATA[23465]]>
              </value>
            </param>
            <param index="6">
              <value>
                <![CDATA[INDIA]]>
              </value>
            </param>
            <param index="7">
              <value>
                <![CDATA[GOA]]>
              </value>
            </param>
            <param index="8">
              <value>
                <![CDATA[GOA]]>
              </value>
            </param>
          </params>
          <reporter-output>
            <line>
              <![CDATA[BranchCreation Test is failed]]>
            </line>
          </reporter-output>
        </test-method> <!-- verify_branchCreation -->
        <test-method status="PASS" signature="verify_branchCreation(java.lang.String, java.lang.String, java.lang.String, java.lang.String, java.lang.String, java.lang.String, java.lang.String, java.lang.String, java.lang.String)[pri:2, instance:com.PageLibrary.com.RandFord.TestExecution@e63ade]" name="verify_branchCreation" duration-ms="4690" started-at="2018-06-18T19:36:30Z" data-provider="branches" finished-at="2018-06-18T19:36:35Z">
          <params>
            <param index="0">
              <value>
                <![CDATA[aaasasasas]]>
              </value>
            </param>
            <param index="1">
              <value>
                <![CDATA[sasddsssss]]>
              </value>
            </param>
            <param index="2">
              <value>
                <![CDATA[sdfdsafadfsd]]>
              </value>
            </param>
            <param index="3">
              <value>
                <![CDATA[sdfdsfdsfds]]>
              </value>
            </param>
            <param index="4">
              <value>
                <![CDATA[dasdasdas]]>
              </value>
            </param>
            <param index="5">
              <value>
                <![CDATA[23466]]>
              </value>
            </param>
            <param index="6">
              <value>
                <![CDATA[INDIA]]>
              </value>
            </param>
            <param index="7">
              <value>
                <![CDATA[GOA]]>
              </value>
            </param>
            <param index="8">
              <value>
                <![CDATA[GOA]]>
              </value>
            </param>
          </params>
          <reporter-output>
            <line>
              <![CDATA[BranchCreation Test is failed]]>
            </line>
          </reporter-output>
        </test-method> <!-- verify_branchCreation -->
        <test-method status="PASS" signature="verify_branchCreation(java.lang.String, java.lang.String, java.lang.String, java.lang.String, java.lang.String, java.lang.String, java.lang.String, java.lang.String, java.lang.String)[pri:2, instance:com.PageLibrary.com.RandFord.TestExecution@e63ade]" name="verify_branchCreation" duration-ms="4438" started-at="2018-06-18T19:36:35Z" data-provider="branches" finished-at="2018-06-18T19:36:40Z">
          <params>
            <param index="0">
              <value>
                <![CDATA[aasasasas]]>
              </value>
            </param>
            <param index="1">
              <value>
                <![CDATA[sasddsssss]]>
              </value>
            </param>
            <param index="2">
              <value>
                <![CDATA[sdfdsafadfsd]]>
              </value>
            </param>
            <param index="3">
              <value>
                <![CDATA[sdfdsfdsfds]]>
              </value>
            </param>
            <param index="4">
              <value>
                <![CDATA[dasdasdas]]>
              </value>
            </param>
            <param index="5">
              <value>
                <![CDATA[23467]]>
              </value>
            </param>
            <param index="6">
              <value>
                <![CDATA[INDIA]]>
              </value>
            </param>
            <param index="7">
              <value>
                <![CDATA[GOA]]>
              </value>
            </param>
            <param index="8">
              <value>
                <![CDATA[GOA]]>
              </value>
            </param>
          </params>
          <reporter-output>
            <line>
              <![CDATA[BranchCreation Test is failed]]>
            </line>
          </reporter-output>
        </test-method> <!-- verify_branchCreation -->
        <test-method status="PASS" signature="verify_branchCreation(java.lang.String, java.lang.String, java.lang.String, java.lang.String, java.lang.String, java.lang.String, java.lang.String, java.lang.String, java.lang.String)[pri:2, instance:com.PageLibrary.com.RandFord.TestExecution@e63ade]" name="verify_branchCreation" duration-ms="4916" started-at="2018-06-18T19:36:40Z" data-provider="branches" finished-at="2018-06-18T19:36:44Z">
          <params>
            <param index="0">
              <value>
                <![CDATA[aaajasasasas]]>
              </value>
            </param>
            <param index="1">
              <value>
                <![CDATA[sasddsssss]]>
              </value>
            </param>
            <param index="2">
              <value>
                <![CDATA[sdfdsafadfsd]]>
              </value>
            </param>
            <param index="3">
              <value>
                <![CDATA[sdfdsfdsfds]]>
              </value>
            </param>
            <param index="4">
              <value>
                <![CDATA[dasdasdas]]>
              </value>
            </param>
            <param index="5">
              <value>
                <![CDATA[23468]]>
              </value>
            </param>
            <param index="6">
              <value>
                <![CDATA[INDIA]]>
              </value>
            </param>
            <param index="7">
              <value>
                <![CDATA[GOA]]>
              </value>
            </param>
            <param index="8">
              <value>
                <![CDATA[GOA]]>
              </value>
            </param>
          </params>
          <reporter-output>
            <line>
              <![CDATA[BranchCreation Test is failed]]>
            </line>
          </reporter-output>
        </test-method> <!-- verify_branchCreation -->
        <test-method status="PASS" signature="verify_branchCreation(java.lang.String, java.lang.String, java.lang.String, java.lang.String, java.lang.String, java.lang.String, java.lang.String, java.lang.String, java.lang.String)[pri:2, instance:com.PageLibrary.com.RandFord.TestExecution@e63ade]" name="verify_branchCreation" duration-ms="44560" started-at="2018-06-18T19:36:44Z" data-provider="branches" finished-at="2018-06-18T19:37:29Z">
          <params>
            <param index="0">
              <value>
                <![CDATA[aaasasasas]]>
              </value>
            </param>
            <param index="1">
              <value>
                <![CDATA[sasddsssss]]>
              </value>
            </param>
            <param index="2">
              <value>
                <![CDATA[sdfdsafadfsd]]>
              </value>
            </param>
            <param index="3">
              <value>
                <![CDATA[sdfdsfdsfds]]>
              </value>
            </param>
            <param index="4">
              <value>
                <![CDATA[dasdasdas]]>
              </value>
            </param>
            <param index="5">
              <value>
                <![CDATA[23469]]>
              </value>
            </param>
            <param index="6">
              <value>
                <![CDATA[INDIA]]>
              </value>
            </param>
            <param index="7">
              <value>
                <![CDATA[GOA]]>
              </value>
            </param>
            <param index="8">
              <value>
                <![CDATA[GOA]]>
              </value>
            </param>
          </params>
          <reporter-output>
            <line>
              <![CDATA[BranchCreation Test is failed]]>
            </line>
          </reporter-output>
        </test-method> <!-- verify_branchCreation -->
        <test-method status="PASS" signature="verify_branchCreation(java.lang.String, java.lang.String, java.lang.String, java.lang.String, java.lang.String, java.lang.String, java.lang.String, java.lang.String, java.lang.String)[pri:2, instance:com.PageLibrary.com.RandFord.TestExecution@e63ade]" name="verify_branchCreation" duration-ms="5297" started-at="2018-06-18T19:37:29Z" data-provider="branches" finished-at="2018-06-18T19:37:34Z">
          <params>
            <param index="0">
              <value>
                <![CDATA[aasasasas]]>
              </value>
            </param>
            <param index="1">
              <value>
                <![CDATA[sasddsssss]]>
              </value>
            </param>
            <param index="2">
              <value>
                <![CDATA[sdfdsafadfsd]]>
              </value>
            </param>
            <param index="3">
              <value>
                <![CDATA[sdfdsfdsfds]]>
              </value>
            </param>
            <param index="4">
              <value>
                <![CDATA[dasdasdas]]>
              </value>
            </param>
            <param index="5">
              <value>
                <![CDATA[23470]]>
              </value>
            </param>
            <param index="6">
              <value>
                <![CDATA[INDIA]]>
              </value>
            </param>
            <param index="7">
              <value>
                <![CDATA[GOA]]>
              </value>
            </param>
            <param index="8">
              <value>
                <![CDATA[GOA]]>
              </value>
            </param>
          </params>
          <reporter-output>
            <line>
              <![CDATA[BranchCreation Test is failed]]>
            </line>
          </reporter-output>
        </test-method> <!-- verify_branchCreation -->
        <test-method status="PASS" signature="verify_branchCreation(java.lang.String, java.lang.String, java.lang.String, java.lang.String, java.lang.String, java.lang.String, java.lang.String, java.lang.String, java.lang.String)[pri:2, instance:com.PageLibrary.com.RandFord.TestExecution@e63ade]" name="verify_branchCreation" duration-ms="4813" started-at="2018-06-18T19:37:34Z" data-provider="branches" finished-at="2018-06-18T19:37:39Z">
          <params>
            <param index="0">
              <value>
                <![CDATA[aaaasasasasb]]>
              </value>
            </param>
            <param index="1">
              <value>
                <![CDATA[sasddsssss]]>
              </value>
            </param>
            <param index="2">
              <value>
                <![CDATA[sdfdsafadfsd]]>
              </value>
            </param>
            <param index="3">
              <value>
                <![CDATA[sdfdsfdsfds]]>
              </value>
            </param>
            <param index="4">
              <value>
                <![CDATA[dasdasdas]]>
              </value>
            </param>
            <param index="5">
              <value>
                <![CDATA[23471]]>
              </value>
            </param>
            <param index="6">
              <value>
                <![CDATA[INDIA]]>
              </value>
            </param>
            <param index="7">
              <value>
                <![CDATA[GOA]]>
              </value>
            </param>
            <param index="8">
              <value>
                <![CDATA[GOA]]>
              </value>
            </param>
          </params>
          <reporter-output>
            <line>
              <![CDATA[BranchCreation Test is failed]]>
            </line>
          </reporter-output>
        </test-method> <!-- verify_branchCreation -->
        <test-method status="PASS" signature="verify_branchCreation(java.lang.String, java.lang.String, java.lang.String, java.lang.String, java.lang.String, java.lang.String, java.lang.String, java.lang.String, java.lang.String)[pri:2, instance:com.PageLibrary.com.RandFord.TestExecution@e63ade]" name="verify_branchCreation" duration-ms="7053" started-at="2018-06-18T19:37:39Z" data-provider="branches" finished-at="2018-06-18T19:37:46Z">
          <params>
            <param index="0">
              <value>
                <![CDATA[aaaaasasas]]>
              </value>
            </param>
            <param index="1">
              <value>
                <![CDATA[sasddsssss]]>
              </value>
            </param>
            <param index="2">
              <value>
                <![CDATA[sdfdsafadfsd]]>
              </value>
            </param>
            <param index="3">
              <value>
                <![CDATA[sdfdsfdsfds]]>
              </value>
            </param>
            <param index="4">
              <value>
                <![CDATA[dasdasdas]]>
              </value>
            </param>
            <param index="5">
              <value>
                <![CDATA[23472]]>
              </value>
            </param>
            <param index="6">
              <value>
                <![CDATA[INDIA]]>
              </value>
            </param>
            <param index="7">
              <value>
                <![CDATA[GOA]]>
              </value>
            </param>
            <param index="8">
              <value>
                <![CDATA[GOA]]>
              </value>
            </param>
          </params>
          <reporter-output>
            <line>
              <![CDATA[BranchCreation Test is failed]]>
            </line>
          </reporter-output>
        </test-method> <!-- verify_branchCreation -->
        <test-method status="PASS" signature="verify_branchCreation(java.lang.String, java.lang.String, java.lang.String, java.lang.String, java.lang.String, java.lang.String, java.lang.String, java.lang.String, java.lang.String)[pri:2, instance:com.PageLibrary.com.RandFord.TestExecution@e63ade]" name="verify_branchCreation" duration-ms="3981" started-at="2018-06-18T19:37:46Z" data-provider="branches" finished-at="2018-06-18T19:37:50Z">
          <params>
            <param index="0">
              <value>
                <![CDATA[asmnmnljl]]>
              </value>
            </param>
            <param index="1">
              <value>
                <![CDATA[sasddsssss]]>
              </value>
            </param>
            <param index="2">
              <value>
                <![CDATA[sdfdsafadfsd]]>
              </value>
            </param>
            <param index="3">
              <value>
                <![CDATA[sdfdsfdsfds]]>
              </value>
            </param>
            <param index="4">
              <value>
                <![CDATA[dasdasdas]]>
              </value>
            </param>
            <param index="5">
              <value>
                <![CDATA[23473]]>
              </value>
            </param>
            <param index="6">
              <value>
                <![CDATA[INDIA]]>
              </value>
            </param>
            <param index="7">
              <value>
                <![CDATA[GOA]]>
              </value>
            </param>
            <param index="8">
              <value>
                <![CDATA[GOA]]>
              </value>
            </param>
          </params>
          <reporter-output>
            <line>
              <![CDATA[BranchCreation Test is failed]]>
            </line>
          </reporter-output>
        </test-method> <!-- verify_branchCreation -->
        <test-method status="PASS" signature="verify_branchCreation(java.lang.String, java.lang.String, java.lang.String, java.lang.String, java.lang.String, java.lang.String, java.lang.String, java.lang.String, java.lang.String)[pri:2, instance:com.PageLibrary.com.RandFord.TestExecution@e63ade]" name="verify_branchCreation" duration-ms="6096" started-at="2018-06-18T19:37:50Z" data-provider="branches" finished-at="2018-06-18T19:37:56Z">
          <params>
            <param index="0">
              <value>
                <![CDATA[aaaalosasdasas]]>
              </value>
            </param>
            <param index="1">
              <value>
                <![CDATA[sasddsssss]]>
              </value>
            </param>
            <param index="2">
              <value>
                <![CDATA[sdfdsafadfsd]]>
              </value>
            </param>
            <param index="3">
              <value>
                <![CDATA[sdfdsfdsfds]]>
              </value>
            </param>
            <param index="4">
              <value>
                <![CDATA[dasdasdas]]>
              </value>
            </param>
            <param index="5">
              <value>
                <![CDATA[23474]]>
              </value>
            </param>
            <param index="6">
              <value>
                <![CDATA[INDIA]]>
              </value>
            </param>
            <param index="7">
              <value>
                <![CDATA[GOA]]>
              </value>
            </param>
            <param index="8">
              <value>
                <![CDATA[GOA]]>
              </value>
            </param>
          </params>
          <reporter-output>
            <line>
              <![CDATA[BranchCreation Test is failed]]>
            </line>
          </reporter-output>
        </test-method> <!-- verify_branchCreation -->
        <test-method status="PASS" signature="varify_rolesCreation(java.lang.String, java.lang.String, java.lang.String)[pri:3, instance:com.PageLibrary.com.RandFord.TestExecution@e63ade]" name="varify_rolesCreation" duration-ms="1817" started-at="2018-06-18T19:37:56Z" data-provider="role" finished-at="2018-06-18T19:37:58Z">
          <params>
            <param index="0">
              <value>
                <![CDATA[dgfsfdgf]]>
              </value>
            </param>
            <param index="1">
              <value>
                <![CDATA[dfdhdhghg]]>
              </value>
            </param>
            <param index="2">
              <value>
                <![CDATA[E]]>
              </value>
            </param>
          </params>
          <reporter-output>
            <line>
              <![CDATA[Role Creation Test is failed]]>
            </line>
          </reporter-output>
        </test-method> <!-- varify_rolesCreation -->
        <test-method status="PASS" signature="varify_rolesCreation(java.lang.String, java.lang.String, java.lang.String)[pri:3, instance:com.PageLibrary.com.RandFord.TestExecution@e63ade]" name="varify_rolesCreation" duration-ms="1363" started-at="2018-06-18T19:37:58Z" data-provider="role" finished-at="2018-06-18T19:38:00Z">
          <params>
            <param index="0">
              <value>
                <![CDATA[dgafsfdgf]]>
              </value>
            </param>
            <param index="1">
              <value>
                <![CDATA[dfdhdhghg]]>
              </value>
            </param>
            <param index="2">
              <value>
                <![CDATA[E]]>
              </value>
            </param>
          </params>
          <reporter-output>
            <line>
              <![CDATA[Role Creation Test is failed]]>
            </line>
          </reporter-output>
        </test-method> <!-- varify_rolesCreation -->
        <test-method status="PASS" signature="varify_rolesCreation(java.lang.String, java.lang.String, java.lang.String)[pri:3, instance:com.PageLibrary.com.RandFord.TestExecution@e63ade]" name="varify_rolesCreation" duration-ms="1394" started-at="2018-06-18T19:38:00Z" data-provider="role" finished-at="2018-06-18T19:38:01Z">
          <params>
            <param index="0">
              <value>
                <![CDATA[dgsfsfdgf]]>
              </value>
            </param>
            <param index="1">
              <value>
                <![CDATA[dfdhdhghg]]>
              </value>
            </param>
            <param index="2">
              <value>
                <![CDATA[C]]>
              </value>
            </param>
          </params>
          <reporter-output>
            <line>
              <![CDATA[Role Creation Test is failed]]>
            </line>
          </reporter-output>
        </test-method> <!-- varify_rolesCreation -->
        <test-method status="PASS" signature="varify_rolesCreation(java.lang.String, java.lang.String, java.lang.String)[pri:3, instance:com.PageLibrary.com.RandFord.TestExecution@e63ade]" name="varify_rolesCreation" duration-ms="6786" started-at="2018-06-18T19:38:01Z" data-provider="role" finished-at="2018-06-18T19:38:08Z">
          <params>
            <param index="0">
              <value>
                <![CDATA[dgfmsfdgf]]>
              </value>
            </param>
            <param index="1">
              <value>
                <![CDATA[dfdhdhghg]]>
              </value>
            </param>
            <param index="2">
              <value>
                <![CDATA[C]]>
              </value>
            </param>
          </params>
          <reporter-output>
            <line>
              <![CDATA[Role Creation Test is failed]]>
            </line>
          </reporter-output>
        </test-method> <!-- varify_rolesCreation -->
        <test-method status="PASS" signature="varify_rolesCreation(java.lang.String, java.lang.String, java.lang.String)[pri:3, instance:com.PageLibrary.com.RandFord.TestExecution@e63ade]" name="varify_rolesCreation" duration-ms="1449" started-at="2018-06-18T19:38:08Z" data-provider="role" finished-at="2018-06-18T19:38:09Z">
          <params>
            <param index="0">
              <value>
                <![CDATA[dgfksfdgf]]>
              </value>
            </param>
            <param index="1">
              <value>
                <![CDATA[dfdhdhghg]]>
              </value>
            </param>
            <param index="2">
              <value>
                <![CDATA[C]]>
              </value>
            </param>
          </params>
          <reporter-output>
            <line>
              <![CDATA[Role Creation Test is failed]]>
            </line>
          </reporter-output>
        </test-method> <!-- varify_rolesCreation -->
        <test-method status="PASS" signature="varify_rolesCreation(java.lang.String, java.lang.String, java.lang.String)[pri:3, instance:com.PageLibrary.com.RandFord.TestExecution@e63ade]" name="varify_rolesCreation" duration-ms="2159" started-at="2018-06-18T19:38:09Z" data-provider="role" finished-at="2018-06-18T19:38:11Z">
          <params>
            <param index="0">
              <value>
                <![CDATA[dgfsfdugf]]>
              </value>
            </param>
            <param index="1">
              <value>
                <![CDATA[dfdhdhghg]]>
              </value>
            </param>
            <param index="2">
              <value>
                <![CDATA[E]]>
              </value>
            </param>
          </params>
          <reporter-output>
            <line>
              <![CDATA[Role Creation Test is failed]]>
            </line>
          </reporter-output>
        </test-method> <!-- varify_rolesCreation -->
        <test-method status="PASS" signature="varify_rolesCreation(java.lang.String, java.lang.String, java.lang.String)[pri:3, instance:com.PageLibrary.com.RandFord.TestExecution@e63ade]" name="varify_rolesCreation" duration-ms="3976" started-at="2018-06-18T19:38:11Z" data-provider="role" finished-at="2018-06-18T19:38:15Z">
          <params>
            <param index="0">
              <value>
                <![CDATA[dgfsfdtgf]]>
              </value>
            </param>
            <param index="1">
              <value>
                <![CDATA[dfdhdhghg]]>
              </value>
            </param>
            <param index="2">
              <value>
                <![CDATA[E]]>
              </value>
            </param>
          </params>
          <reporter-output>
            <line>
              <![CDATA[Role Creation Test is failed]]>
            </line>
          </reporter-output>
        </test-method> <!-- varify_rolesCreation -->
        <test-method status="PASS" signature="varify_rolesCreation(java.lang.String, java.lang.String, java.lang.String)[pri:3, instance:com.PageLibrary.com.RandFord.TestExecution@e63ade]" name="varify_rolesCreation" duration-ms="2202" started-at="2018-06-18T19:38:15Z" data-provider="role" finished-at="2018-06-18T19:38:18Z">
          <params>
            <param index="0">
              <value>
                <![CDATA[dgfsfdrgf]]>
              </value>
            </param>
            <param index="1">
              <value>
                <![CDATA[dfdhdhghg]]>
              </value>
            </param>
            <param index="2">
              <value>
                <![CDATA[C]]>
              </value>
            </param>
          </params>
          <reporter-output>
            <line>
              <![CDATA[Role Creation Test is failed]]>
            </line>
          </reporter-output>
        </test-method> <!-- varify_rolesCreation -->
        <test-method status="PASS" signature="varify_rolesCreation(java.lang.String, java.lang.String, java.lang.String)[pri:3, instance:com.PageLibrary.com.RandFord.TestExecution@e63ade]" name="varify_rolesCreation" duration-ms="2571" started-at="2018-06-18T19:38:18Z" data-provider="role" finished-at="2018-06-18T19:38:20Z">
          <params>
            <param index="0">
              <value>
                <![CDATA[dgftsrfdgf]]>
              </value>
            </param>
            <param index="1">
              <value>
                <![CDATA[dfdhdhghg]]>
              </value>
            </param>
            <param index="2">
              <value>
                <![CDATA[C]]>
              </value>
            </param>
          </params>
          <reporter-output>
            <line>
              <![CDATA[Role Creation Test is failed]]>
            </line>
          </reporter-output>
        </test-method> <!-- varify_rolesCreation -->
        <test-method status="PASS" signature="varify_rolesCreation(java.lang.String, java.lang.String, java.lang.String)[pri:3, instance:com.PageLibrary.com.RandFord.TestExecution@e63ade]" name="varify_rolesCreation" duration-ms="2418" started-at="2018-06-18T19:38:20Z" data-provider="role" finished-at="2018-06-18T19:38:22Z">
          <params>
            <param index="0">
              <value>
                <![CDATA[dgftysfdgf]]>
              </value>
            </param>
            <param index="1">
              <value>
                <![CDATA[dfdhdhghg]]>
              </value>
            </param>
            <param index="2">
              <value>
                <![CDATA[E]]>
              </value>
            </param>
          </params>
          <reporter-output>
            <line>
              <![CDATA[Role Creation Test is failed]]>
            </line>
          </reporter-output>
        </test-method> <!-- varify_rolesCreation -->
        <test-method status="PASS" signature="varify_rolesCreation(java.lang.String, java.lang.String, java.lang.String)[pri:3, instance:com.PageLibrary.com.RandFord.TestExecution@e63ade]" name="varify_rolesCreation" duration-ms="1341" started-at="2018-06-18T19:38:22Z" data-provider="role" finished-at="2018-06-18T19:38:24Z">
          <params>
            <param index="0">
              <value>
                <![CDATA[dgfasfdgf]]>
              </value>
            </param>
            <param index="1">
              <value>
                <![CDATA[dfdhdhghg]]>
              </value>
            </param>
            <param index="2">
              <value>
                <![CDATA[E]]>
              </value>
            </param>
          </params>
          <reporter-output>
            <line>
              <![CDATA[Role Creation Test is failed]]>
            </line>
          </reporter-output>
        </test-method> <!-- varify_rolesCreation -->
        <test-method status="PASS" signature="varify_rolesCreation(java.lang.String, java.lang.String, java.lang.String)[pri:3, instance:com.PageLibrary.com.RandFord.TestExecution@e63ade]" name="varify_rolesCreation" duration-ms="2039" started-at="2018-06-18T19:38:24Z" data-provider="role" finished-at="2018-06-18T19:38:26Z">
          <params>
            <param index="0">
              <value>
                <![CDATA[dgfsgfdgf]]>
              </value>
            </param>
            <param index="1">
              <value>
                <![CDATA[dfdhdhghg]]>
              </value>
            </param>
            <param index="2">
              <value>
                <![CDATA[C]]>
              </value>
            </param>
          </params>
          <reporter-output>
            <line>
              <![CDATA[Role Creation Test is failed]]>
            </line>
          </reporter-output>
        </test-method> <!-- varify_rolesCreation -->
        <test-method status="PASS" signature="varify_rolesCreation(java.lang.String, java.lang.String, java.lang.String)[pri:3, instance:com.PageLibrary.com.RandFord.TestExecution@e63ade]" name="varify_rolesCreation" duration-ms="2995" started-at="2018-06-18T19:38:26Z" data-provider="role" finished-at="2018-06-18T19:38:29Z">
          <params>
            <param index="0">
              <value>
                <![CDATA[dgfsfldgf]]>
              </value>
            </param>
            <param index="1">
              <value>
                <![CDATA[dfdhdhghg]]>
              </value>
            </param>
            <param index="2">
              <value>
                <![CDATA[C]]>
              </value>
            </param>
          </params>
          <reporter-output>
            <line>
              <![CDATA[Role Creation Test is failed]]>
            </line>
          </reporter-output>
        </test-method> <!-- varify_rolesCreation -->
        <test-method status="PASS" signature="varify_rolesCreation(java.lang.String, java.lang.String, java.lang.String)[pri:3, instance:com.PageLibrary.com.RandFord.TestExecution@e63ade]" name="varify_rolesCreation" duration-ms="1143" started-at="2018-06-18T19:38:29Z" data-provider="role" finished-at="2018-06-18T19:38:30Z">
          <params>
            <param index="0">
              <value>
                <![CDATA[dgfslfdgf]]>
              </value>
            </param>
            <param index="1">
              <value>
                <![CDATA[dfdhdhghg]]>
              </value>
            </param>
            <param index="2">
              <value>
                <![CDATA[E]]>
              </value>
            </param>
          </params>
          <reporter-output>
            <line>
              <![CDATA[Role Creation Test is failed]]>
            </line>
          </reporter-output>
        </test-method> <!-- varify_rolesCreation -->
      </class> <!-- com.PageLibrary.com.RandFord.TestExecution -->
    </test> <!-- TestinChrome -->
  </suite> <!-- Suite -->
</testng-results>
